<?xml version="1.0" encoding="UTF-8"?>
<!-- Generated by org.testng.reporters.JUnitReportReporter -->
<testsuite hostname="LTP-O-101080" name="lbe.digitaltransformation.Myaccount.Test.TC01_ClassD_Val" tests="3" failures="0" timestamp="7 Dec 2019 14:31:21 GMT" time="0.010" errors="0">
  <testcase name="AA" time="0.004" classname="lbe.digitaltransformation.Myaccount.Test.TC01_ClassD_Val"/>
  <testcase name="BB" time="0.004" classname="lbe.digitaltransformation.Myaccount.Test.TC01_ClassD_Val"/>
  <testcase name="CC" time="0.002" classname="lbe.digitaltransformation.Myaccount.Test.TC01_ClassD_Val"/>
</testsuite> <!-- lbe.digitaltransformation.Myaccount.Test.TC01_ClassD_Val -->
