<?xml version="1.0" encoding="UTF-8"?>
<!-- Generated by org.testng.reporters.JUnitReportReporter -->
<testsuite hostname="LTP-O-101080" name="lbe.digitaltransformation.Myaccount.Test.TC01_ClassD_Validation" tests="3" failures="0" timestamp="6 Dec 2019 11:24:57 GMT" time="0.005" errors="0">
  <testcase name="BB" time="0.001" classname="lbe.digitaltransformation.Myaccount.Test.TC01_ClassD_Validation"/>
  <testcase name="CC" time="0.002" classname="lbe.digitaltransformation.Myaccount.Test.TC01_ClassD_Validation"/>
  <testcase name="AA" time="0.002" classname="lbe.digitaltransformation.Myaccount.Test.TC01_ClassD_Validation"/>
</testsuite> <!-- lbe.digitaltransformation.Myaccount.Test.TC01_ClassD_Validation -->
