<?xml version="1.0" encoding="UTF-8"?>
<!-- Generated by org.testng.reporters.JUnitReportReporter -->
<testsuite hostname="LTP-O-101080" name="lbe.digitaltransformation.Myaccount.Test.ClassD_Vala" tests="3" failures="0" timestamp="6 Dec 2019 10:43:52 GMT" time="0.008" errors="0">
  <testcase name="GG" time="0.001" classname="lbe.digitaltransformation.Myaccount.Test.ClassD_Vala"/>
  <testcase name="DD" time="0.006" classname="lbe.digitaltransformation.Myaccount.Test.ClassD_Vala"/>
  <testcase name="EE" time="0.001" classname="lbe.digitaltransformation.Myaccount.Test.ClassD_Vala"/>
</testsuite> <!-- lbe.digitaltransformation.Myaccount.Test.ClassD_Vala -->
