<?xml version="1.0" encoding="UTF-8"?>
<!-- Generated by org.testng.reporters.JUnitReportReporter -->
<testsuite hostname="LTP-O-101080" name="lbe.digitaltransformation.Myaccount.Test.TC01_ClassD_ValidationCheck_SubmitCase" tests="1" failures="0" timestamp="16 Jan 2020 06:05:18 GMT" time="50.749" errors="0">
  <testcase name="Apply_onbehalfof_some_one_else" time="50.749" classname="lbe.digitaltransformation.Myaccount.Test.TC01_ClassD_ValidationCheck_SubmitCase"/>
</testsuite> <!-- lbe.digitaltransformation.Myaccount.Test.TC01_ClassD_ValidationCheck_SubmitCase -->
