<?xml version="1.0" encoding="UTF-8"?>
<!-- Generated by org.testng.reporters.JUnitReportReporter -->
<testsuite hostname="LTP-O-101080" name="lbe.digitaltransformation.Myaccount.Test.TC03_ClassG_ValidationCheck" tests="1" failures="0" timestamp="13 Dec 2019 09:31:48 GMT" time="1.303" errors="0">
  <testcase name="ClickOnHomeIcon" time="1.303" classname="lbe.digitaltransformation.Myaccount.Test.TC03_ClassG_ValidationCheck"/>
</testsuite> <!-- lbe.digitaltransformation.Myaccount.Test.TC03_ClassG_ValidationCheck -->
