<?xml version="1.0" encoding="UTF-8"?>
<!-- Generated by org.testng.reporters.JUnitReportReporter -->
<testsuite hostname="LTP-O-101080" name="lbe.digitaltransformation.Myaccount.Test.ClassD_Validation_TestCase" tests="3" failures="0" timestamp="6 Dec 2019 10:43:51 GMT" time="0.006" errors="0">
  <testcase name="CC" time="0.002" classname="lbe.digitaltransformation.Myaccount.Test.ClassD_Validation_TestCase"/>
  <testcase name="AA" time="0.001" classname="lbe.digitaltransformation.Myaccount.Test.ClassD_Validation_TestCase"/>
  <testcase name="BB" time="0.003" classname="lbe.digitaltransformation.Myaccount.Test.ClassD_Validation_TestCase"/>
</testsuite> <!-- lbe.digitaltransformation.Myaccount.Test.ClassD_Validation_TestCase -->
