<?xml version="1.0" encoding="UTF-8"?>
<!-- Generated by org.testng.reporters.JUnitReportReporter -->
<testsuite hostname="LTP-O-101080" name="lbe.digitaltransformation.Myaccount.Test.ClassDSubmitCase_TestCase" tests="10" failures="0" timestamp="5 Dec 2019 10:29:08 GMT" time="82.791" errors="0">
  <testcase name="Portallogin" time="0.812" classname="lbe.digitaltransformation.Myaccount.Test.ClassDSubmitCase_TestCase"/>
  <testcase name="VerifytitlepageclassD" time="0.078" classname="lbe.digitaltransformation.Myaccount.Test.ClassDSubmitCase_TestCase"/>
  <testcase name="OpenWebPage" time="10.612" classname="lbe.digitaltransformation.Myaccount.Test.ClassDSubmitCase_TestCase"/>
  <testcase name="ApplyForSelf_OR_Onbehalfof_Another" time="55.907" classname="lbe.digitaltransformation.Myaccount.Test.ClassDSubmitCase_TestCase"/>
  <testcase name="verifyhomepageTitle" time="0.030" classname="lbe.digitaltransformation.Myaccount.Test.ClassDSubmitCase_TestCase"/>
  <testcase name="SignInPageTitle" time="1.446" classname="lbe.digitaltransformation.Myaccount.Test.ClassDSubmitCase_TestCase"/>
  <testcase name="homepageSignIn" time="2.436" classname="lbe.digitaltransformation.Myaccount.Test.ClassDSubmitCase_TestCase"/>
  <testcase name="ClickclassDlink" time="2.772" classname="lbe.digitaltransformation.Myaccount.Test.ClassDSubmitCase_TestCase"/>
  <testcase name="CouncilTaxSerive" time="8.643" classname="lbe.digitaltransformation.Myaccount.Test.ClassDSubmitCase_TestCase"/>
  <testcase name="Verifytitlepagecounciltax" time="0.055" classname="lbe.digitaltransformation.Myaccount.Test.ClassDSubmitCase_TestCase"/>
</testsuite> <!-- lbe.digitaltransformation.Myaccount.Test.ClassDSubmitCase_TestCase -->
