<?xml version="1.0" encoding="UTF-8"?>
<!-- Generated by org.testng.reporters.JUnitReportReporter -->
<testsuite hostname="LTP-O-101080" name="lbe.digitaltransformation.Myaccount.Test.TC03_ClassD_Val" tests="3" failures="0" timestamp="7 Dec 2019 14:31:22 GMT" time="0.027" errors="0">
  <testcase name="JJ" time="0.004" classname="lbe.digitaltransformation.Myaccount.Test.TC03_ClassD_Val"/>
  <testcase name="HH" time="0.021" classname="lbe.digitaltransformation.Myaccount.Test.TC03_ClassD_Val"/>
  <testcase name="II" time="0.002" classname="lbe.digitaltransformation.Myaccount.Test.TC03_ClassD_Val"/>
</testsuite> <!-- lbe.digitaltransformation.Myaccount.Test.TC03_ClassD_Val -->
