<?xml version="1.0" encoding="UTF-8"?>
<!-- Generated by org.testng.reporters.JUnitReportReporter -->
<testsuite hostname="LTP-O-101080" name="lbe.digitaltransformation.Myaccount.Test.TC02_ClassD_ValidationCheck" tests="3" failures="0" timestamp="18 Dec 2019 09:08:32 GMT" time="60.510" errors="0">
  <testcase name="Apply_onbehalfof_some_one_else" time="56.013" classname="lbe.digitaltransformation.Myaccount.Test.TC02_ClassD_ValidationCheck"/>
  <testcase name="Verify_ClassD_titlepage" time="0.018" classname="lbe.digitaltransformation.Myaccount.Test.TC02_ClassD_ValidationCheck"/>
  <testcase name="ClickClassDlink" time="4.479" classname="lbe.digitaltransformation.Myaccount.Test.TC02_ClassD_ValidationCheck"/>
</testsuite> <!-- lbe.digitaltransformation.Myaccount.Test.TC02_ClassD_ValidationCheck -->
