<?xml version="1.0" encoding="UTF-8"?>
<!-- Generated by org.testng.reporters.JUnitReportReporter -->
<testsuite hostname="LTP-O-101080" name="lbe.digitaltransformation.Myaccount.Test.ClassD_val" tests="3" failures="0" timestamp="6 Dec 2019 10:38:21 GMT" time="0.005" errors="0">
  <testcase name="DD" time="0.001" classname="lbe.digitaltransformation.Myaccount.Test.ClassD_val"/>
  <testcase name="GG" time="0.002" classname="lbe.digitaltransformation.Myaccount.Test.ClassD_val"/>
  <testcase name="EE" time="0.002" classname="lbe.digitaltransformation.Myaccount.Test.ClassD_val"/>
</testsuite> <!-- lbe.digitaltransformation.Myaccount.Test.ClassD_val -->
