<?xml version="1.0" encoding="UTF-8"?>
<!-- Generated by org.testng.reporters.JUnitReportReporter -->
<testsuite hostname="LTP-O-101080" name="lbe.digitaltransformation.Myaccount.Test.TC02_ClassD_Val" tests="3" failures="0" timestamp="7 Dec 2019 14:31:21 GMT" time="0.019" errors="0">
  <testcase name="EE" time="0.003" classname="lbe.digitaltransformation.Myaccount.Test.TC02_ClassD_Val"/>
  <testcase name="GG" time="0.004" classname="lbe.digitaltransformation.Myaccount.Test.TC02_ClassD_Val"/>
  <testcase name="DD" time="0.012" classname="lbe.digitaltransformation.Myaccount.Test.TC02_ClassD_Val"/>
</testsuite> <!-- lbe.digitaltransformation.Myaccount.Test.TC02_ClassD_Val -->
